Starting audit...
[ERROR] C:\Users\sai kiranmai\Documents\ADS-2\assignments\Module 1\m1\1.1 Graph\Bag.java:0: File does not end with a newline. [NewlineAtEndOfFile]
[ERROR] C:\Users\sai kiranmai\Documents\ADS-2\assignments\Module 1\m1\1.1 Graph\Bag.java:13: Line has trailing spaces. [RegexpSingleline]
[ERROR] C:\Users\sai kiranmai\Documents\ADS-2\assignments\Module 1\m1\1.1 Graph\Bag.java:14: Line has trailing spaces. [RegexpSingleline]
[ERROR] C:\Users\sai kiranmai\Documents\ADS-2\assignments\Module 1\m1\1.1 Graph\Bag.java:17: Line has trailing spaces. [RegexpSingleline]
[ERROR] C:\Users\sai kiranmai\Documents\ADS-2\assignments\Module 1\m1\1.1 Graph\Bag.java:18: Line is longer than 80 characters (found 81). [LineLength]
[ERROR] C:\Users\sai kiranmai\Documents\ADS-2\assignments\Module 1\m1\1.1 Graph\Bag.java:20: Line is longer than 80 characters (found 105). [LineLength]
[ERROR] C:\Users\sai kiranmai\Documents\ADS-2\assignments\Module 1\m1\1.1 Graph\Bag.java:23: Type Javadoc comment is missing @param <Item> tag. [JavadocType]
[ERROR] C:\Users\sai kiranmai\Documents\ADS-2\assignments\Module 1\m1\1.1 Graph\Bag.java:24:5: Missing a Javadoc comment. [JavadocVariable]
[ERROR] C:\Users\sai kiranmai\Documents\ADS-2\assignments\Module 1\m1\1.1 Graph\Bag.java:24:17: Name 'N' must match pattern '^[a-z][a-zA-Z0-9]*$'. [MemberName]
[ERROR] C:\Users\sai kiranmai\Documents\ADS-2\assignments\Module 1\m1\1.1 Graph\Bag.java:25:5: Missing a Javadoc comment. [JavadocVariable]
[ERROR] C:\Users\sai kiranmai\Documents\ADS-2\assignments\Module 1\m1\1.1 Graph\Bag.java:28: Missing a Javadoc comment. [JavadocType]
[ERROR] C:\Users\sai kiranmai\Documents\ADS-2\assignments\Module 1\m1\1.1 Graph\Bag.java:29:9: Missing a Javadoc comment. [JavadocVariable]
[ERROR] C:\Users\sai kiranmai\Documents\ADS-2\assignments\Module 1\m1\1.1 Graph\Bag.java:30:9: Missing a Javadoc comment. [JavadocVariable]
[ERROR] C:\Users\sai kiranmai\Documents\ADS-2\assignments\Module 1\m1\1.1 Graph\Bag.java:44: Expected @return tag. [JavadocMethod]
[ERROR] C:\Users\sai kiranmai\Documents\ADS-2\assignments\Module 1\m1\1.1 Graph\Bag.java:51: Expected @return tag. [JavadocMethod]
[ERROR] C:\Users\sai kiranmai\Documents\ADS-2\assignments\Module 1\m1\1.1 Graph\Bag.java:58:21: Parameter item should be final. [FinalParameters]
[ERROR] C:\Users\sai kiranmai\Documents\ADS-2\assignments\Module 1\m1\1.1 Graph\Bag.java:58:26: Expected @param tag for 'item'. [JavadocMethod]
[ERROR] C:\Users\sai kiranmai\Documents\ADS-2\assignments\Module 1\m1\1.1 Graph\Bag.java:70: Expected @return tag. [JavadocMethod]
[ERROR] C:\Users\sai kiranmai\Documents\ADS-2\assignments\Module 1\m1\1.1 Graph\Bag.java:71: Line has trailing spaces. [RegexpSingleline]
[ERROR] C:\Users\sai kiranmai\Documents\ADS-2\assignments\Module 1\m1\1.1 Graph\Bag.java:75: Missing a Javadoc comment. [JavadocType]
[ERROR] C:\Users\sai kiranmai\Documents\ADS-2\assignments\Module 1\m1\1.1 Graph\Bag.java:76:9: Missing a Javadoc comment. [JavadocVariable]
[ERROR] C:\Users\sai kiranmai\Documents\ADS-2\assignments\Module 1\m1\1.1 Graph\Bag.java:78: Line is longer than 80 characters (found 81). [LineLength]
[ERROR] C:\Users\sai kiranmai\Documents\ADS-2\assignments\Module 1\m1\1.1 Graph\Bag.java:78:35: '{' at column 35 should have line break after. [LeftCurly]
[ERROR] C:\Users\sai kiranmai\Documents\ADS-2\assignments\Module 1\m1\1.1 Graph\Bag.java:79: Line is longer than 80 characters (found 81). [LineLength]
[ERROR] C:\Users\sai kiranmai\Documents\ADS-2\assignments\Module 1\m1\1.1 Graph\Bag.java:79:35: '{' at column 35 should have line break after. [LeftCurly]
[ERROR] C:\Users\sai kiranmai\Documents\ADS-2\assignments\Module 1\m1\1.1 Graph\Bag.java:81:9: Missing a Javadoc comment. [JavadocMethod]
[ERROR] C:\Users\sai kiranmai\Documents\ADS-2\assignments\Module 1\m1\1.1 Graph\Bag.java:82: 'if' construct must use '{}'s. [NeedBraces]
[ERROR] C:\Users\sai kiranmai\Documents\ADS-2\assignments\Module 1\m1\1.1 Graph\Bag.java:84: Line has trailing spaces. [RegexpSingleline]
Audit done.
Checkstyle ends with 28 errors.
Starting audit...
[ERROR] C:\Users\sai kiranmai\Documents\ADS-2\assignments\Module 1\m1\1.1 Graph\SequentialSearchST.java:8: First sentence should end with a period. [JavadocStyle]
[ERROR] C:\Users\sai kiranmai\Documents\ADS-2\assignments\Module 1\m1\1.1 Graph\SequentialSearchST.java:12: First sentence should end with a period. [JavadocStyle]
[ERROR] C:\Users\sai kiranmai\Documents\ADS-2\assignments\Module 1\m1\1.1 Graph\SequentialSearchST.java:21: First sentence should end with a period. [JavadocStyle]
[ERROR] C:\Users\sai kiranmai\Documents\ADS-2\assignments\Module 1\m1\1.1 Graph\SequentialSearchST.java:25: First sentence should end with a period. [JavadocStyle]
[ERROR] C:\Users\sai kiranmai\Documents\ADS-2\assignments\Module 1\m1\1.1 Graph\SequentialSearchST.java:29: First sentence should end with a period. [JavadocStyle]
[ERROR] C:\Users\sai kiranmai\Documents\ADS-2\assignments\Module 1\m1\1.1 Graph\SequentialSearchST.java:40:9: Redundant 'public' modifier. [RedundantModifier]
[ERROR] C:\Users\sai kiranmai\Documents\ADS-2\assignments\Module 1\m1\1.1 Graph\SequentialSearchST.java:40:21: Parameter key should be final. [FinalParameters]
[ERROR] C:\Users\sai kiranmai\Documents\ADS-2\assignments\Module 1\m1\1.1 Graph\SequentialSearchST.java:40:25: 'key' hides a field. [HiddenField]
[ERROR] C:\Users\sai kiranmai\Documents\ADS-2\assignments\Module 1\m1\1.1 Graph\SequentialSearchST.java:40:30: Parameter val should be final. [FinalParameters]
[ERROR] C:\Users\sai kiranmai\Documents\ADS-2\assignments\Module 1\m1\1.1 Graph\SequentialSearchST.java:40:36: 'val' hides a field. [HiddenField]
[ERROR] C:\Users\sai kiranmai\Documents\ADS-2\assignments\Module 1\m1\1.1 Graph\SequentialSearchST.java:40:41: Parameter next should be final. [FinalParameters]
[ERROR] C:\Users\sai kiranmai\Documents\ADS-2\assignments\Module 1\m1\1.1 Graph\SequentialSearchST.java:40:46: 'next' hides a field. [HiddenField]
[ERROR] C:\Users\sai kiranmai\Documents\ADS-2\assignments\Module 1\m1\1.1 Graph\SequentialSearchST.java:80:29: Parameter key should be final. [FinalParameters]
[ERROR] C:\Users\sai kiranmai\Documents\ADS-2\assignments\Module 1\m1\1.1 Graph\SequentialSearchST.java:81: 'if' construct must use '{}'s. [NeedBraces]
[ERROR] C:\Users\sai kiranmai\Documents\ADS-2\assignments\Module 1\m1\1.1 Graph\SequentialSearchST.java:81: Line is longer than 80 characters (found 94). [LineLength]
[ERROR] C:\Users\sai kiranmai\Documents\ADS-2\assignments\Module 1\m1\1.1 Graph\SequentialSearchST.java:89: Line is longer than 80 characters (found 88). [LineLength]
[ERROR] C:\Users\sai kiranmai\Documents\ADS-2\assignments\Module 1\m1\1.1 Graph\SequentialSearchST.java:93:22: Parameter key should be final. [FinalParameters]
[ERROR] C:\Users\sai kiranmai\Documents\ADS-2\assignments\Module 1\m1\1.1 Graph\SequentialSearchST.java:94: 'if' construct must use '{}'s. [NeedBraces]
[ERROR] C:\Users\sai kiranmai\Documents\ADS-2\assignments\Module 1\m1\1.1 Graph\SequentialSearchST.java:94: Line has trailing spaces. [RegexpSingleline]
[ERROR] C:\Users\sai kiranmai\Documents\ADS-2\assignments\Module 1\m1\1.1 Graph\SequentialSearchST.java:94: Line is longer than 80 characters (found 90). [LineLength]
[ERROR] C:\Users\sai kiranmai\Documents\ADS-2\assignments\Module 1\m1\1.1 Graph\SequentialSearchST.java:96: 'if' construct must use '{}'s. [NeedBraces]
[ERROR] C:\Users\sai kiranmai\Documents\ADS-2\assignments\Module 1\m1\1.1 Graph\SequentialSearchST.java:103: Line has trailing spaces. [RegexpSingleline]
[ERROR] C:\Users\sai kiranmai\Documents\ADS-2\assignments\Module 1\m1\1.1 Graph\SequentialSearchST.java:103: Line is longer than 80 characters (found 87). [LineLength]
[ERROR] C:\Users\sai kiranmai\Documents\ADS-2\assignments\Module 1\m1\1.1 Graph\SequentialSearchST.java:104: Line is longer than 80 characters (found 87). [LineLength]
[ERROR] C:\Users\sai kiranmai\Documents\ADS-2\assignments\Module 1\m1\1.1 Graph\SequentialSearchST.java:105: Line is longer than 80 characters (found 82). [LineLength]
[ERROR] C:\Users\sai kiranmai\Documents\ADS-2\assignments\Module 1\m1\1.1 Graph\SequentialSearchST.java:112:21: Parameter key should be final. [FinalParameters]
[ERROR] C:\Users\sai kiranmai\Documents\ADS-2\assignments\Module 1\m1\1.1 Graph\SequentialSearchST.java:112:30: Parameter val should be final. [FinalParameters]
[ERROR] C:\Users\sai kiranmai\Documents\ADS-2\assignments\Module 1\m1\1.1 Graph\SequentialSearchST.java:113: 'if' construct must use '{}'s. [NeedBraces]
[ERROR] C:\Users\sai kiranmai\Documents\ADS-2\assignments\Module 1\m1\1.1 Graph\SequentialSearchST.java:113: Line has trailing spaces. [RegexpSingleline]
[ERROR] C:\Users\sai kiranmai\Documents\ADS-2\assignments\Module 1\m1\1.1 Graph\SequentialSearchST.java:113: Line is longer than 80 characters (found 96). [LineLength]
[ERROR] C:\Users\sai kiranmai\Documents\ADS-2\assignments\Module 1\m1\1.1 Graph\SequentialSearchST.java:130: Line has trailing spaces. [RegexpSingleline]
[ERROR] C:\Users\sai kiranmai\Documents\ADS-2\assignments\Module 1\m1\1.1 Graph\SequentialSearchST.java:130: Line is longer than 80 characters (found 85). [LineLength]
[ERROR] C:\Users\sai kiranmai\Documents\ADS-2\assignments\Module 1\m1\1.1 Graph\SequentialSearchST.java:131: Line has trailing spaces. [RegexpSingleline]
[ERROR] C:\Users\sai kiranmai\Documents\ADS-2\assignments\Module 1\m1\1.1 Graph\SequentialSearchST.java:136:24: Parameter key should be final. [FinalParameters]
[ERROR] C:\Users\sai kiranmai\Documents\ADS-2\assignments\Module 1\m1\1.1 Graph\SequentialSearchST.java:137: 'if' construct must use '{}'s. [NeedBraces]
[ERROR] C:\Users\sai kiranmai\Documents\ADS-2\assignments\Module 1\m1\1.1 Graph\SequentialSearchST.java:137: Line has trailing spaces. [RegexpSingleline]
[ERROR] C:\Users\sai kiranmai\Documents\ADS-2\assignments\Module 1\m1\1.1 Graph\SequentialSearchST.java:137: Line is longer than 80 characters (found 93). [LineLength]
[ERROR] C:\Users\sai kiranmai\Documents\ADS-2\assignments\Module 1\m1\1.1 Graph\SequentialSearchST.java:143:5: Missing a Javadoc comment. [JavadocMethod]
[ERROR] C:\Users\sai kiranmai\Documents\ADS-2\assignments\Module 1\m1\1.1 Graph\SequentialSearchST.java:143:25: Parameter x should be final. [FinalParameters]
[ERROR] C:\Users\sai kiranmai\Documents\ADS-2\assignments\Module 1\m1\1.1 Graph\SequentialSearchST.java:143:33: Parameter key should be final. [FinalParameters]
[ERROR] C:\Users\sai kiranmai\Documents\ADS-2\assignments\Module 1\m1\1.1 Graph\SequentialSearchST.java:144: 'if' construct must use '{}'s. [NeedBraces]
Audit done.
Checkstyle ends with 41 errors.
Starting audit...
[ERROR] C:\Users\sai kiranmai\Documents\ADS-2\assignments\Module 1\m1\1.1 Graph\Solution.java:0: File does not end with a newline. [NewlineAtEndOfFile]
[ERROR] C:\Users\sai kiranmai\Documents\ADS-2\assignments\Module 1\m1\1.1 Graph\Solution.java:6:1: File contains tab characters (this is the first instance). [FileTabCharacter]
[ERROR] C:\Users\sai kiranmai\Documents\ADS-2\assignments\Module 1\m1\1.1 Graph\Solution.java:29:15: Parameter v should be final. [FinalParameters]
[ERROR] C:\Users\sai kiranmai\Documents\ADS-2\assignments\Module 1\m1\1.1 Graph\Solution.java:42:20: Name 'V' must match pattern '^[a-z][a-zA-Z0-9]*$'. [MethodName]
[ERROR] C:\Users\sai kiranmai\Documents\ADS-2\assignments\Module 1\m1\1.1 Graph\Solution.java:50:20: Name 'E' must match pattern '^[a-z][a-zA-Z0-9]*$'. [MethodName]
[ERROR] C:\Users\sai kiranmai\Documents\ADS-2\assignments\Module 1\m1\1.1 Graph\Solution.java:59:29: Parameter v should be final. [FinalParameters]
[ERROR] C:\Users\sai kiranmai\Documents\ADS-2\assignments\Module 1\m1\1.1 Graph\Solution.java:59:36: Parameter w should be final. [FinalParameters]
[ERROR] C:\Users\sai kiranmai\Documents\ADS-2\assignments\Module 1\m1\1.1 Graph\Solution.java:77:32: Parameter v should be final. [FinalParameters]
[ERROR] C:\Users\sai kiranmai\Documents\ADS-2\assignments\Module 1\m1\1.1 Graph\Solution.java:77:39: Parameter w should be final. [FinalParameters]
[ERROR] C:\Users\sai kiranmai\Documents\ADS-2\assignments\Module 1\m1\1.1 Graph\Solution.java:95:38: Parameter v should be final. [FinalParameters]
[ERROR] C:\Users\sai kiranmai\Documents\ADS-2\assignments\Module 1\m1\1.1 Graph\Solution.java:106:26: Parameter v should be final. [FinalParameters]
[ERROR] C:\Users\sai kiranmai\Documents\ADS-2\assignments\Module 1\m1\1.1 Graph\Solution.java:106:33: Parameter w should be final. [FinalParameters]
[ERROR] C:\Users\sai kiranmai\Documents\ADS-2\assignments\Module 1\m1\1.1 Graph\Solution.java:107:35: Expression can be simplified. [SimplifyBooleanExpression]
[ERROR] C:\Users\sai kiranmai\Documents\ADS-2\assignments\Module 1\m1\1.1 Graph\Solution.java:151: Line is longer than 80 characters (found 102). [LineLength]
[ERROR] C:\Users\sai kiranmai\Documents\ADS-2\assignments\Module 1\m1\1.1 Graph\Solution.java:158: Line is longer than 80 characters (found 100). [LineLength]
[ERROR] C:\Users\sai kiranmai\Documents\ADS-2\assignments\Module 1\m1\1.1 Graph\Solution.java:166: switch without "default" clause. [MissingSwitchDefault]
Audit done.
Checkstyle ends with 16 errors.
